My project/Library/Bee/Android/Prj/IL2CPP/Gradle/unityLibrary/mobilenotifications.androidlib/build/outputs/mapping/release/seeds.txt
com.unity.androidnotifications.NotificationCallback
com.unity.androidnotifications.R
com.unity.androidnotifications.UnityNotificationManager
com.unity.androidnotifications.UnityNotificationManager: java.lang.String KEY_CHANNEL_ID
com.unity.androidnotifications.UnityNotificationManager: java.lang.String KEY_REPEAT_INTERVAL
com.unity.androidnotifications.UnityNotificationManager: java.lang.String KEY_BIG_CONTENT_TITLE
com.unity.androidnotifications.UnityNotificationManager: java.lang.String KEY_BIG_SUMMARY_TEXT
com.unity.androidnotifications.UnityNotificationManager: java.lang.String KEY_BIG_PICTURE
com.unity.androidnotifications.UnityNotificationManager: java.lang.String KEY_FIRE_TIME
com.unity.androidnotifications.UnityNotificationManager: java.lang.String KEY_INTENT_DATA
com.unity.androidnotifications.UnityNotificationManager: java.lang.String KEY_BIG_SHOW_WHEN_COLLAPSED
com.unity.androidnotifications.UnityNotificationManager: java.lang.String KEY_BIG_CONTENT_DESCRIPTION
com.unity.androidnotifications.UnityNotificationManager: java.lang.String KEY_NOTIFICATION
com.unity.androidnotifications.UnityNotificationManager: java.lang.String KEY_BIG_LARGE_ICON
com.unity.androidnotifications.UnityNotificationManager: java.lang.String KEY_NOTIFICATION_DISMISSED
com.unity.androidnotifications.UnityNotificationManager: java.lang.String KEY_NOTIFICATION_ID
com.unity.androidnotifications.UnityNotificationManager: java.lang.String KEY_SHOW_IN_FOREGROUND
com.unity.androidnotifications.UnityNotificationManager: java.lang.String KEY_LARGE_ICON
com.unity.androidnotifications.R: R()
com.unity.androidnotifications.UnityNotificationManager: int areNotificationsEnabled()
com.unity.androidnotifications.UnityNotificationManager: com.unity.androidnotifications.UnityNotificationManager getNotificationManagerImpl(android.app.Activity,com.unity.androidnotifications.NotificationCallback)
com.unity.androidnotifications.UnityNotificationManager: void deleteNotificationChannel(java.lang.String)
com.unity.androidnotifications.UnityNotificationManager: android.app.Notification$Builder createNotificationBuilder(java.lang.String)
com.unity.androidnotifications.UnityNotificationManager: java.lang.Integer getNotificationColor(android.app.Notification)
com.unity.androidnotifications.UnityNotificationManager: void setNotificationColor(android.app.Notification$Builder,int)
com.unity.androidnotifications.UnityNotificationManager: boolean canScheduleExactAlarms()
com.unity.androidnotifications.UnityNotificationManager: void cancelPendingNotification(int)
com.unity.androidnotifications.UnityNotificationManager: int checkNotificationStatus(int)
com.unity.androidnotifications.UnityNotificationManager: void setNotificationGroupAlertBehavior(android.app.Notification$Builder,int)
com.unity.androidnotifications.UnityNotificationManager: void registerNotificationChannelGroup(java.lang.String,java.lang.String,java.lang.String)
com.unity.androidnotifications.UnityNotificationManager: void onReceive(android.content.Context,android.content.Intent)
com.unity.androidnotifications.NotificationCallback: void onSentNotification(android.app.Notification)
com.unity.androidnotifications.UnityNotificationManager: void cancelAllNotifications()