My project/Library/Bee/Android/Prj/IL2CPP/Gradle/unityLibrary/mobilenotifications.androidlib/build/outputs/mapping/release/mapping.txt
# compiler: R8
# compiler_version: 8.7.18
# common_typos_disable
# {"id":"com.android.tools.r8.mapping","version":"2.2"}
# pg_map_id: 1bc5b29
# pg_map_hash: SHA-256 1bc5b2994204ad7bd8357bf338a8c222ab8948d8dde90214951cb5e6a6f029df
...
com.unity.androidnotifications.UnityNotificationBackgroundThread -> com.unity.androidnotifications.g:
# {"id":"sourceFile","fileName":"UnityNotificationBackgroundThread.java"}
    java.util.concurrent.LinkedTransferQueue mTasks -> a
    java.util.concurrent.ConcurrentHashMap mScheduledNotifications -> b
    com.unity.androidnotifications.UnityNotificationManager mManager -> c
    int mTasksSinceHousekeeping -> d
    1:1:void <init>(com.unity.androidnotifications.UnityNotificationManager,java.util.concurrent.ConcurrentHashMap):121:121 -> <init>
    2:11:void <init>(com.unity.androidnotifications.UnityNotificationManager,java.util.concurrent.ConcurrentHashMap):116:125 -> <init>
    12:12:void loadNotifications():184:184 -> <init>
    12:12:void <init>(com.unity.androidnotifications.UnityNotificationManager,java.util.concurrent.ConcurrentHashMap):126 -> <init>
    13:19:java.util.List com.unity.androidnotifications.UnityNotificationManager.loadSavedNotifications():532:538 -> <init>
    13:19:void loadNotifications():184 -> <init>
    13:19:void <init>(com.unity.androidnotifications.UnityNotificationManager,java.util.concurrent.ConcurrentHashMap):126 -> <init>
    20:20:java.lang.String com.unity.androidnotifications.UnityNotificationManager.getSharedPrefsNameByNotificationId(java.lang.String):527:527 -> <init>
    20:20:java.util.List com.unity.androidnotifications.UnityNotificationManager.loadSavedNotifications():538 -> <init>
    20:20:void loadNotifications():184 -> <init>
com.unity.androidnotifications.UnityNotificationBackgroundThread$CancelAllNotificationsTask -> com.unity.androidnotifications.b:
# {"id":"sourceFile","fileName":"UnityNotificationBackgroundThread.java"}
    1:1:void <init>():78:78 -> <init>
    1:1:void <init>(com.unity.androidnotifications.UnityNotificationBackgroundThread$1):78 -> <init>
      # {"id":"com.android.tools.r8.residualsignature","signature":"()V"}
    1:11:boolean run(com.unity.androidnotifications.UnityNotificationManager,java.util.concurrent.ConcurrentHashMap):81:91 -> a
com.unity.androidnotifications.UnityNotificationBackgroundThread$CancelNotificationTask -> com.unity.androidnotifications.c:
# {"id":"sourceFile","fileName":"UnityNotificationBackgroundThread.java"}
    int notificationId -> a
    1:2:void <init>(int):62:63 -> <init>
    1:3:boolean run(com.unity.androidnotifications.UnityNotificationManager,java.util.concurrent.ConcurrentHashMap):68:70 -> a
com.unity.androidnotifications.UnityNotificationBackgroundThread$HousekeepingTask -> com.unity.androidnotifications.d:
# {"id":"sourceFile","fileName":"UnityNotificationBackgroundThread.java"}
    com.unity.androidnotifications.UnityNotificationBackgroundThread thread -> a
      # {"id":"com.android.tools.r8.residualsignature","signature":"Lcom/unity/androidnotifications/g;"}
    1:2:void <init>(com.unity.androidnotifications.UnityNotificationBackgroundThread):99:100 -> <init>
      # {"id":"com.android.tools.r8.residualsignature","signature":"(Lcom/unity/androidnotifications/g;)V"}
    1:6:boolean run(com.unity.androidnotifications.UnityNotificationManager,java.util.concurrent.ConcurrentHashMap):105:110 -> a
    7:7:void com.unity.androidnotifications.UnityNotificationBackgroundThread.performHousekeeping(java.util.Set):176:176 -> a
    7:7:void com.unity.androidnotifications.UnityNotificationBackgroundThread.access$100(com.unity.androidnotifications.UnityNotificationBackgroundThread,java.util.Set):19 -> a
      # {"id":"com.android.tools.r8.rewriteFrame","conditions":["throws(Ljava/lang/NullPointerException;)"],"actions":["removeInnerFrames(1)"]}
    7:7:boolean run(com.unity.androidnotifications.UnityNotificationManager,java.util.concurrent.ConcurrentHashMap):110 -> a
    8:11:void com.unity.androidnotifications.UnityNotificationBackgroundThread.performHousekeeping(java.util.Set):177:180 -> a