My project/Library/Bee/Android/Prj/IL2CPP/Gradle/unityLibrary/mobilenotifications.androidlib/build/outputs/mapping/release/usage.txt
com.unity.androidnotifications.UnityNotificationBackgroundThread:
    private static final int TASKS_FOR_HOUSEKEEPING
com.unity.androidnotifications.UnityNotificationManager:
    static final java.lang.String NOTIFICATION_CHANNELS_SHARED_PREFS
    static final java.lang.String NOTIFICATION_CHANNELS_SHARED_PREFS_KEY
    static final java.lang.String NOTIFICATION_IDS_SHARED_PREFS
    static final java.lang.String NOTIFICATION_IDS_SHARED_PREFS_KEY
    private static final int PERMISSION_STATUS_ALLOWED
    private static final int PERMISSION_STATUS_DENIED
    private static final int PERMISSION_STATUS_NOTIFICATIONS_BLOCKED_FOR_APP
    static final java.lang.String TAG_UNITY
    void scheduleAlarmWithNotification(android.app.Notification$Builder)
com.unity.androidnotifications.UnityNotificationRestartReceiver
com.unity.androidnotifications.UnityNotificationUtilities:
    private static final int INTENT_SERIALIZATION_VERSION
    private static final int NOTIFICATION_SERIALIZATION_VERSION
    static final java.lang.String SAVED_NOTIFICATION_FALLBACK_KEY
    static final java.lang.String SAVED_NOTIFICATION_PRIMARY_KEY
    void <init>()
com.unity.androidnotifications.NotificationChannelWrapper:
    public boolean canBypassDnd
    public boolean canShowBadge
    public java.lang.String description
    public boolean enableLights
    public boolean enableVibration
    public java.lang.String name
com.unity.androidnotifications.UnityNotificationBackgroundThread$1
com.unity.androidnotifications.UnityNotificationBackgroundThread:
    public static void enqueueHousekeeping()
    public static boolean executeTask()
    public static void loadNotifications()
    public static void performHousekeeping()
com.unity.androidnotifications.UnityNotificationManager:
    public final android.content.Intent buildNotificationIntent()
    public final boolean canScheduleExactAlarms(android.app.AlarmManager)
    public final android.app.Notification$Builder deserializeNotificationBuilder(java.lang.Integer)
    public static void finalizeNotificationForDisplay()
    public static java.util.Set findInvalidNotificationIds()
    public static int generateUniqueId()
    public static android.app.PendingIntent getActivityPendingIntent()
    public final android.os.Parcelable getIcon(java.lang.String)
    public static java.lang.Object getIconForUri(java.lang.String)
    public final android.os.Parcelable getIconFromResources(java.lang.String,boolean)
    public static java.lang.Object getNotificationOrBuilderForIntent()
    public static java.lang.Object getNotificationOrIdForIntent(android.content.Intent)
    public static java.lang.String getSharedPrefsNameByChannelId(java.lang.String)
    public static java.lang.String getSharedPrefsNameByNotificationId(java.lang.String)
    public static void initialize()
    public static android.graphics.Bitmap loadBitmap()
    public final synchronized java.util.List loadSavedNotifications()
    public static com.unity.androidnotifications.NotificationChannelWrapper notificationChannelToWrapper(java.lang.Object)
    public final void notify(int,android.app.Notification$Builder)
    public final synchronized void saveNotification()